WARNING : Using CLI version 2.37.1 but project's `requirements.txt`
WARNING : is configured to use 2.36.0. Consider either installing
WARNING : CLI version 2.36.0 or running `pretext update`
WARNING : to update `requirements.txt` and other managed files to match 2.37.1.
INFO    : Building target html
INFO    : XSL conversion of /home/runner/work/tidyversecourse/tidyversecourse/source/main.ptx by /home/runner/.ptx/2.37.1/core/xsl/utilities/pretext-enhanced-source.xsl
INFO    : messages from the log for XSL processing:
WARNING : * PTX:WARNING: The "default" style requested in publication/html/css is deprecated. Your book will be built with theme="default-modern". See the PreTeXt Guide for options for the newer HTML themes and their specification .
INFO    : successful application of /home/runner/.ptx/2.37.1/core/xsl/utilities/pretext-enhanced-source.xsl
INFO    : Generating any needed assets.
INFO    : Finished generating assets.

INFO    : Preparing to build into /home/runner/work/tidyversecourse/tidyversecourse/output/html.
INFO    : discovering source file's directory name: /home/runner/work/tidyversecourse/tidyversecourse/source
INFO    : verifying and expanding input directory: /home/runner/work/tidyversecourse/tidyversecourse/source/../generated-assets
INFO    : input directory expanded to absolute path: /home/runner/work/tidyversecourse/tidyversecourse/generated-assets
INFO    : verifying and expanding input directory: /home/runner/work/tidyversecourse/tidyversecourse/source/..
INFO    : input directory expanded to absolute path: /home/runner/work/tidyversecourse/tidyversecourse
INFO    : discovering source file's directory name: /home/runner/work/tidyversecourse/tidyversecourse/source
INFO    : XSL conversion of /home/runner/work/tidyversecourse/tidyversecourse/source/main.ptx by /home/runner/.ptx/2.37.1/core/xsl/utilities/report-publisher-variables.xsl
INFO    : messages from the log for XSL processing:
WARNING : * PTX:WARNING: The "default" style requested in publication/html/css is deprecated. Your book will be built with theme="default-modern". See the PreTeXt Guide for options for the newer HTML themes and their specification .
INFO    : successful application of /home/runner/.ptx/2.37.1/core/xsl/utilities/report-publisher-variables.xsl
INFO    : Downloading rs services file from https://runestone.academy/cdn/runestone/latest/webpack_static_imports.xml.
WARNING : Could not download rs services file from https://runestone.academy/cdn/runestone/latest/webpack_static_imports.xml.  Using cached version instead.
INFO    : Runestone Services via online CDN query: version 7.11.14
INFO    : Downloading Runestone Services, version 7.11.14
INFO    : Extracting Runestone Services from archive file
INFO    : Building custom css theme: theme-default-modern
INFO    : converting /home/runner/work/tidyversecourse/tidyversecourse/source/main.ptx to HTML in /tmp/ptx-_hu1rxsg
INFO    : XSL conversion of /home/runner/work/tidyversecourse/tidyversecourse/source/main.ptx by /home/runner/.ptx/2.37.1/core/xsl/pretext-html.xsl
INFO    : messages from the log for XSL processing:
WARNING : * PTX:WARNING: The "default" style requested in publication/html/css is deprecated. Your book will be built with theme="default-modern". See the PreTeXt Guide for options for the newer HTML themes and their specification .
WARNING : * PTX:WARNING: In a chapter containing sections, any content that is not inside a section needs to be inside an <introduction> and/or  <conclusion>.
INFO    : *              located within: "ch-get-data" (xml:id), "Importing Data in the Tidyverse" (title)
WARNING : * PTX:WARNING: In a chapter containing sections, any content that is not inside a section needs to be inside an <introduction> and/or  <conclusion>.
INFO    : *              located within: "ch-tidying" (xml:id), "Wrangling Data in the Tidyverse" (title)
WARNING : * PTX:WARNING: In a section containing subsections, any content that is not inside a subsection needs to be inside an <introduction> and/or  <conclusion>.
INFO    : *              located within: "sec-tidy-data" (xml:id), "Tidy Data" (title)
WARNING : * PTX:WARNING: In a section containing subsections, any content that is not inside a subsection needs to be inside an <introduction> and/or  <conclusion>.
INFO    : *              located within: "sec-from-non-tidy-tidy" (xml:id), "From Non-Tidy --> Tidy" (title)
WARNING : * PTX:WARNING: In a section containing subsections, any content that is not inside a subsection needs to be inside an <introduction> and/or  <conclusion>.
INFO    : *              located within: "sec-the-tidyverse-ecosystem" (xml:id), "The Tidyverse Ecosystem" (title)
WARNING : * PTX:WARNING: In a section containing subsections, any content that is not inside a subsection needs to be inside an <introduction> and/or  <conclusion>.
INFO    : *              located within: "sec-data-science-project-organization" (xml:id), "Data Science Project Organization" (title)
WARNING : * PTX:WARNING: In a section containing subsections, any content that is not inside a subsection needs to be inside an <introduction> and/or  <conclusion>.
INFO    : *              located within: "sec-ch01-case-studies" (xml:id), "Case Studies" (title)
WARNING : * PTX:WARNING: In a section containing subsections, any content that is not inside a subsection needs to be inside an <introduction> and/or  <conclusion>.
INFO    : *              located within: "sec-tibbles" (xml:id), "Tibbles" (title)
WARNING : * PTX:WARNING: In a section containing subsections, any content that is not inside a subsection needs to be inside an <introduction> and/or  <conclusion>.
INFO    : *              located within: "sec-spreadsheets" (xml:id), "Spreadsheets" (title)
WARNING : * PTX:WARNING: In a section containing subsections, any content that is not inside a subsection needs to be inside an <introduction> and/or  <conclusion>.
INFO    : *              located within: "sec-csvs" (xml:id), "CSVs" (title)
WARNING : * PTX:WARNING: In a section containing subsections, any content that is not inside a subsection needs to be inside an <introduction> and/or  <conclusion>.
INFO    : *              located within: "sec-tsvs" (xml:id), "TSVs" (title)
WARNING : * PTX:WARNING: In a section containing subsections, any content that is not inside a subsection needs to be inside an <introduction> and/or  <conclusion>.
INFO    : *              located within: "sec-delimited-files" (xml:id), "Delimited Files" (title)
WARNING : * PTX:WARNING: In a section containing subsections, any content that is not inside a subsection needs to be inside an <introduction> and/or  <conclusion>.
INFO    : *              located within: "sec-databases" (xml:id), "Databases" (title)
WARNING : * PTX:WARNING: In a section containing subsections, any content that is not inside a subsection needs to be inside an <introduction> and/or  <conclusion>.
INFO    : *              located within: "sec-web-scraping" (xml:id), "Web Scraping" (title)
WARNING : * PTX:WARNING: In a section containing subsections, any content that is not inside a subsection needs to be inside an <introduction> and/or  <conclusion>.
INFO    : *              located within: "sec-apis" (xml:id), "APIs" (title)
WARNING : * PTX:WARNING: In a section containing subsections, any content that is not inside a subsection needs to be inside an <introduction> and/or  <conclusion>.
INFO    : *              located within: "sec-ch02-case-studies" (xml:id), "Case Studies" (title)
WARNING : * PTX:WARNING: In a section containing subsections, any content that is not inside a subsection needs to be inside an <introduction> and/or  <conclusion>.
INFO    : *              located within: "reshaping-data" (xml:id), "Reshaping Data" (title)
WARNING : * PTX:WARNING: In a section containing subsections, any content that is not inside a subsection needs to be inside an <introduction> and/or  <conclusion>.
INFO    : *              located within: "data-wrangling" (xml:id), "Data Wrangling" (title)
WARNING : * PTX:WARNING: In a section containing subsections, any content that is not inside a subsection needs to be inside an <introduction> and/or  <conclusion>.
INFO    : *              located within: "working-with-factors" (xml:id), "Working With Factors" (title)
WARNING : * PTX:WARNING: In a section containing subsections, any content that is not inside a subsection needs to be inside an <introduction> and/or  <conclusion>.
INFO    : *              located within: "working-with-dates-and-times" (xml:id), "Working With Dates and Times" (title)
WARNING : * PTX:WARNING: In a section containing subsections, any content that is not inside a subsection needs to be inside an <introduction> and/or  <conclusion>.
INFO    : *              located within: "working-with-strings" (xml:id), "Working With Strings" (title)
WARNING : * PTX:WARNING: In a section containing subsections, any content that is not inside a subsection needs to be inside an <introduction> and/or  <conclusion>.
INFO    : *              located within: "working-with-text" (xml:id), "Working With Text" (title)
WARNING : * PTX:WARNING: In a section containing subsections, any content that is not inside a subsection needs to be inside an <introduction> and/or  <conclusion>.
INFO    : *              located within: "functional-programming" (xml:id), "Functional Programming" (title)
WARNING : * PTX:WARNING: In a section containing subsections, any content that is not inside a subsection needs to be inside an <introduction> and/or  <conclusion>.
INFO    : *              located within: "exploratory-data-analysis" (xml:id), "Exploratory Data Analysis" (title)
WARNING : * PTX:WARNING: In a section containing subsections, any content that is not inside a subsection needs to be inside an <introduction> and/or  <conclusion>.
INFO    : *              located within: "case-studies" (xml:id), "Case Studies" (title)
WARNING : * PTX:WARNING: In a section containing subsections, any content that is not inside a subsection needs to be inside an <introduction> and/or  <conclusion>.
INFO    : *              located within: "sec-data-visualization-background" (xml:id), "Data Visualization Background" (title)
WARNING : * PTX:WARNING: In a section containing subsections, any content that is not inside a subsection needs to be inside an <introduction> and/or  <conclusion>.
INFO    : *              located within: "sec-plot-types" (xml:id), "Plot Types" (title)
WARNING : * PTX:WARNING: In a section containing subsections, any content that is not inside a subsection needs to be inside an <introduction> and/or  <conclusion>.
INFO    : *              located within: "sec-making-good-plots" (xml:id), "Making Good Plots" (title)
WARNING : * PTX:WARNING: In a section containing subsections, any content that is not inside a subsection needs to be inside an <introduction> and/or  <conclusion>.
INFO    : *              located within: "sec-plot-generation-process" (xml:id), "Plot Generation Process" (title)
WARNING : * PTX:WARNING: In a section containing subsections, any content that is not inside a subsection needs to be inside an <introduction> and/or  <conclusion>.
INFO    : *              located within: "sec-ggplot2-basics" (xml:id), "ggplot2: Basics" (title)
WARNING : * PTX:WARNING: In a section containing subsections, any content that is not inside a subsection needs to be inside an <introduction> and/or  <conclusion>.
INFO    : *              located within: "sec-ggplot2-customization" (xml:id), "ggplot2: Customization" (title)
WARNING : * PTX:WARNING: In a section containing subsections, any content that is not inside a subsection needs to be inside an <introduction> and/or  <conclusion>.
INFO    : *              located within: "sec-tables" (xml:id), "Tables" (title)
WARNING : * PTX:WARNING: In a section containing subsections, any content that is not inside a subsection needs to be inside an <introduction> and/or  <conclusion>.
INFO    : *              located within: "sec-ggplot2-extensions" (xml:id), "ggplot2: Extensions" (title)
WARNING : * PTX:WARNING: In a section containing subsections, any content that is not inside a subsection needs to be inside an <introduction> and/or  <conclusion>.
INFO    : *              located within: "sec-ch04-case-studies" (xml:id), "Case Studies" (title)
WARNING : * PTX:WARNING: In a section containing subsections, any content that is not inside a subsection needs to be inside an <introduction> and/or  <conclusion>.
INFO    : *              located within: "sec-data-needs" (xml:id), "Data Needs" (title)
WARNING : * PTX:WARNING: In a section containing subsections, any content that is not inside a subsection needs to be inside an <introduction> and/or  <conclusion>.
INFO    : *              located within: "sec-descriptive-and-exploratory-analysis" (xml:id), "Descriptive and Exploratory Analysis" (title)
WARNING : * PTX:WARNING: In a section containing subsections, any content that is not inside a subsection needs to be inside an <introduction> and/or  <conclusion>.
INFO    : *              located within: "sec-inference" (xml:id), "Inference" (title)
WARNING : * PTX:WARNING: In a section containing subsections, any content that is not inside a subsection needs to be inside an <introduction> and/or  <conclusion>.
INFO    : *              located within: "sec-beyond-linear-regression" (xml:id), "Beyond Linear Regression" (title)
WARNING : * PTX:WARNING: In a section containing subsections, any content that is not inside a subsection needs to be inside an <introduction> and/or  <conclusion>.
INFO    : *              located within: "sec-hypothesis-testing" (xml:id), "Hypothesis Testing" (title)
WARNING : * PTX:WARNING: In a section containing subsections, any content that is not inside a subsection needs to be inside an <introduction> and/or  <conclusion>.
INFO    : *              located within: "sec-prediction-modeling" (xml:id), "Prediction Modeling" (title)
WARNING : * PTX:WARNING: In a section containing subsections, any content that is not inside a subsection needs to be inside an <introduction> and/or  <conclusion>.
INFO    : *              located within: "sec-the-tidymodels-ecosystem" (xml:id), "The tidymodels Ecosystem" (title)
WARNING : * PTX:WARNING: In a section containing subsections, any content that is not inside a subsection needs to be inside an <introduction> and/or  <conclusion>.
INFO    : *              located within: "sec-ch05-case-studies" (xml:id), "Case Studies" (title)
WARNING : * PTX:WARNING: In a subsection containing subsubsections, any content that is not inside a subsubsection needs to be inside an <introduction> and/or  <conclusion>.
INFO    : *              located within: "subsec-rules-for-storing-tidy-data" (xml:id), "Rules for Storing Tidy Data" (title)
WARNING : * PTX:WARNING: In a subsection containing subsubsections, any content that is not inside a subsubsection needs to be inside an <introduction> and/or  <conclusion>.
INFO    : *              located within: "subsec-examples-of-untidy-data" (xml:id), "Examples of untidy data" (title)
WARNING : * PTX:WARNING: In a subsection containing subsubsections, any content that is not inside a subsubsection needs to be inside an <introduction> and/or  <conclusion>.
INFO    : *              located within: "subsec-reading-data-into-r" (xml:id), "Reading Data into R" (title)
WARNING : * PTX:WARNING: In a subsection containing subsubsections, any content that is not inside a subsubsection needs to be inside an <introduction> and/or  <conclusion>.
INFO    : *              located within: "subsec-data-tidying" (xml:id), "Data Tidying" (title)
WARNING : * PTX:WARNING: In a subsection containing subsubsections, any content that is not inside a subsubsection needs to be inside an <introduction> and/or  <conclusion>.
INFO    : *              located within: "subsec-data-visualization" (xml:id), "Data Visualization" (title)
WARNING : * PTX:WARNING: In a subsection containing subsubsections, any content that is not inside a subsubsection needs to be inside an <introduction> and/or  <conclusion>.
INFO    : *              located within: "subsec-data-modeling" (xml:id), "Data Modeling" (title)
WARNING : * PTX:WARNING: In a subsection containing subsubsections, any content that is not inside a subsubsection needs to be inside an <introduction> and/or  <conclusion>.
INFO    : *              located within: "subsec-file-paths" (xml:id), "File Paths" (title)
WARNING : * PTX:WARNING: In a subsection containing subsubsections, any content that is not inside a subsubsection needs to be inside an <introduction> and/or  <conclusion>.
INFO    : *              located within: "subsec-the-here-package" (xml:id), "The here package" (title)
WARNING : * PTX:WARNING: In a subsection containing subsubsections, any content that is not inside a subsubsection needs to be inside an <introduction> and/or  <conclusion>.
INFO    : *              located within: "subsec-file-naming" (xml:id), "File Naming" (title)
WARNING : * PTX:WARNING: In a subsection containing subsubsections, any content that is not inside a subsubsection needs to be inside an <introduction> and/or  <conclusion>.
INFO    : *              located within: "subsec-ch01-case-study-1-health-expenditures" (xml:id), "Case Study #1: Health Expenditures" (title)
WARNING : * PTX:WARNING: In a subsection containing subsubsections, any content that is not inside a subsubsection needs to be inside an <introduction> and/or  <conclusion>.
INFO    : *              located within: "subsec-ch01-case-study-2-firearms" (xml:id), "Case Study #2: Firearms" (title)
WARNING : * PTX:WARNING: In a subsection containing subsubsections, any content that is not inside a subsubsection needs to be inside an <introduction> and/or  <conclusion>.
INFO    : *              located within: "subsec-creating-a-tibble" (xml:id), "Creating a tibble" (title)
WARNING : * PTX:WARNING: In a subsection containing subsubsections, any content that is not inside a subsubsection needs to be inside an <introduction> and/or  <conclusion>.
INFO    : *              located within: "subsec-excel-files" (xml:id), "Excel files" (title)
WARNING : * PTX:WARNING: In a subsection containing subsubsections, any content that is not inside a subsubsection needs to be inside an <introduction> and/or  <conclusion>.
INFO    : *              located within: "subsec-google-sheets" (xml:id), "Google Sheets" (title)
WARNING : * PTX:WARNING: In a subsection containing subsubsections, any content that is not inside a subsubsection needs to be inside an <introduction> and/or  <conclusion>.
INFO    : *              located within: "subsec-relational-data" (xml:id), "Relational Data" (title)
WARNING : * PTX:WARNING: In a subsection containing subsubsections, any content that is not inside a subsubsection needs to be inside an <introduction> and/or  <conclusion>.
INFO    : *              located within: "subsec-mutating-joins" (xml:id), "Mutating Joins" (title)
WARNING : * PTX:WARNING: In a subsection containing subsubsections, any content that is not inside a subsubsection needs to be inside an <introduction> and/or  <conclusion>.
INFO    : *              located within: "subsec-web-scraping-example" (xml:id), "Web Scraping Example" (title)
WARNING : * PTX:WARNING: In a subsection containing subsubsections, any content that is not inside a subsubsection needs to be inside an <introduction> and/or  <conclusion>.
INFO    : *              located within: "subsec-example-1-githubs-api" (xml:id), "Example 1: GitHub's API" (title)
WARNING : * PTX:WARNING: In a subsection containing subsubsections, any content that is not inside a subsubsection needs to be inside an <introduction> and/or  <conclusion>.
INFO    : *              located within: "subsec-ch02-case-study-1-health-expenditures" (xml:id), "Case Study #1: Health Expenditures" (title)
WARNING : * PTX:WARNING: In a subsection containing subsubsections, any content that is not inside a subsubsection needs to be inside an <introduction> and/or  <conclusion>.
INFO    : *              located within: "subsec-ch02-case-study-2-firearms" (xml:id), "Case Study #2: Firearms" (title)
WARNING : * PTX:WARNING: In a subsection containing subsubsections, any content that is not inside a subsubsection needs to be inside an <introduction> and/or  <conclusion>.
INFO    : *              located within: "reshaping-the-data" (xml:id), "Reshaping the Data" (title)
WARNING : * PTX:WARNING: In a subsection containing subsubsections, any content that is not inside a subsubsection needs to be inside an <introduction> and/or  <conclusion>.
INFO    : *              located within: "r-packages" (xml:id), "R Packages" (title)
WARNING : * PTX:WARNING: In a subsection containing subsubsections, any content that is not inside a subsubsection needs to be inside an <introduction> and/or  <conclusion>.
INFO    : *              located within: "filtering-data" (xml:id), "Filtering Data" (title)
WARNING : * PTX:WARNING: In a subsection containing subsubsections, any content that is not inside a subsubsection needs to be inside an <introduction> and/or  <conclusion>.
INFO    : *              located within: "reordering" (xml:id), "Reordering" (title)
WARNING : * PTX:WARNING: In a subsection containing subsubsections, any content that is not inside a subsubsection needs to be inside an <introduction> and/or  <conclusion>.
INFO    : *              located within: "grouping-data" (xml:id), "Grouping Data" (title)
WARNING : * PTX:WARNING: In a subsection containing subsubsections, any content that is not inside a subsubsection needs to be inside an <introduction> and/or  <conclusion>.
INFO    : *              located within: "summarizing-data" (xml:id), "Summarizing Data" (title)
WARNING : * PTX:WARNING: In a subsection containing subsubsections, any content that is not inside a subsubsection needs to be inside an <introduction> and/or  <conclusion>.
INFO    : *              located within: "creating-dates-and-date-time-objects" (xml:id), "Creating Dates and Date-Time Objects" (title)
WARNING : * PTX:WARNING: In a subsection containing subsubsections, any content that is not inside a subsubsection needs to be inside an <introduction> and/or  <conclusion>.
INFO    : *              located within: "working-with-dates" (xml:id), "Working with Dates" (title)
WARNING : * PTX:WARNING: In a subsection containing subsubsections, any content that is not inside a subsubsection needs to be inside an <introduction> and/or  <conclusion>.
INFO    : *              located within: "stringr" (xml:id), "stringr" (title)
WARNING : * PTX:WARNING: In a subsection containing subsubsections, any content that is not inside a subsubsection needs to be inside an <introduction> and/or  <conclusion>.
INFO    : *              located within: "string-basics" (xml:id), "String Basics" (title)
WARNING : * PTX:WARNING: In a subsection containing subsubsections, any content that is not inside a subsubsection needs to be inside an <introduction> and/or  <conclusion>.
INFO    : *              located within: "regular-expressions" (xml:id), "Regular Expressions" (title)
WARNING : * PTX:WARNING: In a subsection containing subsubsections, any content that is not inside a subsubsection needs to be inside an <introduction> and/or  <conclusion>.
INFO    : *              located within: "tidy-text-format" (xml:id), "Tidy Text Format" (title)
WARNING : * PTX:WARNING: In a subsection containing subsubsections, any content that is not inside a subsubsection needs to be inside an <introduction> and/or  <conclusion>.
INFO    : *              located within: "for-loops-vs-functionals" (xml:id), "For Loops vs. Functionals" (title)
WARNING : * PTX:WARNING: In a subsection containing subsubsections, any content that is not inside a subsubsection needs to be inside an <introduction> and/or  <conclusion>.
INFO    : *              located within: "multiple-vectors" (xml:id), "Multiple Vectors" (title)
WARNING : * PTX:WARNING: In a subsection containing subsubsections, any content that is not inside a subsubsection needs to be inside an <introduction> and/or  <conclusion>.
INFO    : *              located within: "case-study-1-health-expenditures" (xml:id), "Case Study #1: Health Expenditures" (title)
WARNING : * PTX:WARNING: In a subsection containing subsubsections, any content that is not inside a subsubsection needs to be inside an <introduction> and/or  <conclusion>.
INFO    : *              located within: "case-study-2-firearms" (xml:id), "Case Study #2: Firearms" (title)
WARNING : * PTX:WARNING: In a subsection containing subsubsections, any content that is not inside a subsubsection needs to be inside an <introduction> and/or  <conclusion>.
INFO    : *              located within: "subsec-general-features-of-plots" (xml:id), "General Features of Plots" (title)
WARNING : * PTX:WARNING: In a subsection containing subsubsections, any content that is not inside a subsubsection needs to be inside an <introduction> and/or  <conclusion>.
INFO    : *              located within: "subsec-barplot" (xml:id), "Barplot" (title)
WARNING : * PTX:WARNING: In a subsection containing subsubsections, any content that is not inside a subsubsection needs to be inside an <introduction> and/or  <conclusion>.
INFO    : *              located within: "subsec-line-plots" (xml:id), "Line Plots" (title)
WARNING : * PTX:WARNING: In a subsection containing subsubsections, any content that is not inside a subsubsection needs to be inside an <introduction> and/or  <conclusion>.
INFO    : *              located within: "subsec-how-can-you-emphasize-your-point-in-your-chart" (xml:id), "How can you emphasize your point in your chart?" (title)
WARNING : * PTX:WARNING: In a subsection containing subsubsections, any content that is not inside a subsubsection needs to be inside an <introduction> and/or  <conclusion>.
INFO    : *              located within: "subsec-what-does-your-final-chart-show" (xml:id), "What Does Your Final Chart Show?" (title)
WARNING : * PTX:WARNING: In a subsection containing subsubsections, any content that is not inside a subsubsection needs to be inside an <introduction> and/or  <conclusion>.
INFO    : *              located within: "subsec-aesthetics" (xml:id), "Aesthetics" (title)
WARNING : * PTX:WARNING: In a subsection containing subsubsections, any content that is not inside a subsubsection needs to be inside an <introduction> and/or  <conclusion>.
INFO    : *              located within: "subsec-geoms" (xml:id), "Geoms" (title)
WARNING : * PTX:WARNING: In a subsection containing subsubsections, any content that is not inside a subsubsection needs to be inside an <introduction> and/or  <conclusion>.
INFO    : *              located within: "subsec-labels" (xml:id), "Labels" (title)
WARNING : * PTX:WARNING: In a subsection containing subsubsections, any content that is not inside a subsubsection needs to be inside an <introduction> and/or  <conclusion>.
INFO    : *              located within: "subsec-custom-theme" (xml:id), "Custom Theme" (title)
WARNING : * PTX:WARNING: In a subsection containing subsubsections, any content that is not inside a subsubsection needs to be inside an <introduction> and/or  <conclusion>.
INFO    : *              located within: "subsec-ggrepel" (xml:id), "ggrepel" (title)
WARNING : * PTX:WARNING: In a subsection containing subsubsections, any content that is not inside a subsubsection needs to be inside an <introduction> and/or  <conclusion>.
INFO    : *              located within: "subsec-cowplot" (xml:id), "cowplot" (title)
WARNING : * PTX:WARNING: In a subsection containing subsubsections, any content that is not inside a subsubsection needs to be inside an <introduction> and/or  <conclusion>.
INFO    : *              located within: "subsec-gganimate" (xml:id), "gganimate" (title)
WARNING : * PTX:WARNING: In a subsection containing subsubsections, any content that is not inside a subsubsection needs to be inside an <introduction> and/or  <conclusion>.
INFO    : *              located within: "subsec-ch04-case-study-1-health-expenditures" (xml:id), "Case Study #1: Health Expenditures" (title)
WARNING : * PTX:WARNING: In a subsection containing subsubsections, any content that is not inside a subsubsection needs to be inside an <introduction> and/or  <conclusion>.
INFO    : *              located within: "subsec-ch04-case-study-2-firearms" (xml:id), "Case Study #2: Firearms" (title)
WARNING : * PTX:WARNING: In a subsection containing subsubsections, any content that is not inside a subsubsection needs to be inside an <introduction> and/or  <conclusion>.
INFO    : *              located within: "subsec-shape" (xml:id), "Shape" (title)
WARNING : * PTX:WARNING: In a subsection containing subsubsections, any content that is not inside a subsubsection needs to be inside an <introduction> and/or  <conclusion>.
INFO    : *              located within: "subsec-evaluating-variables" (xml:id), "Evaluating Variables" (title)
WARNING : * PTX:WARNING: In a subsection containing subsubsections, any content that is not inside a subsubsection needs to be inside an <introduction> and/or  <conclusion>.
INFO    : *              located within: "subsec-random-sampling" (xml:id), "Random Sampling" (title)
WARNING : * PTX:WARNING: In a subsection containing subsubsections, any content that is not inside a subsubsection needs to be inside an <introduction> and/or  <conclusion>.
INFO    : *              located within: "subsec-assumptions" (xml:id), "Assumptions" (title)
WARNING : * PTX:WARNING: In a subsection containing subsubsections, any content that is not inside a subsubsection needs to be inside an <introduction> and/or  <conclusion>.
INFO    : *              located within: "subsec-association" (xml:id), "Association" (title)
WARNING : * PTX:WARNING: In a subsection containing subsubsections, any content that is not inside a subsubsection needs to be inside an <introduction> and/or  <conclusion>.
INFO    : *              located within: "subsec-variable-selection" (xml:id), "Variable Selection" (title)
WARNING : * PTX:WARNING: In a subsection containing subsubsections, any content that is not inside a subsubsection needs to be inside an <introduction> and/or  <conclusion>.
INFO    : *              located within: "subsec-regression-vs-classification" (xml:id), "Regression vs. Classification" (title)
WARNING : * PTX:WARNING: In a subsection containing subsubsections, any content that is not inside a subsubsection needs to be inside an <introduction> and/or  <conclusion>.
INFO    : *              located within: "subsec-model-accuracy" (xml:id), "Model Accuracy" (title)
WARNING : * PTX:WARNING: In a subsection containing subsubsections, any content that is not inside a subsubsection needs to be inside an <introduction> and/or  <conclusion>.
INFO    : *              located within: "subsec-example-of-continuous-variable-prediction" (xml:id), "Example of Continuous Variable Prediction" (title)
WARNING : * PTX:WARNING: In a subsection containing subsubsections, any content that is not inside a subsubsection needs to be inside an <introduction> and/or  <conclusion>.
INFO    : *              located within: "subsec-example-of-categorical-variable-prediction" (xml:id), "Example of Categorical Variable Prediction" (title)
WARNING : * PTX:WARNING: In a subsection containing subsubsections, any content that is not inside a subsubsection needs to be inside an <introduction> and/or  <conclusion>.
INFO    : *              located within: "subsec-case-study-1-predicting-annual-air-pollution" (xml:id), "Case Study #1: Predicting Annual Air Pollution" (title)
INFO    : * PTX:INFO:   checking all deprecated elements.
WARNING : * PTX:DEPRECATE: (2024-10-08) elements previously included in a "titlepage" element inside the "frontmatter" (author, editor, credit, date, and event) should now be placed in "frontmatter/bibinfo".  To ensure a title page is created, put only the empty element "titlepage-items" inside "titlepage".  Until you move these elements, we will try to honor your intent. (1 time)
INFO    : *              located within: "frontmatter" (xml:id)
INFO    : * --------------
WARNING : * PTX:DEPRECATE: (2024-11-19) program/input now should be program/code. An automatic correction will be attempted. (537 times)
INFO    : *              located within: "subsec-the-here-package" (xml:id), "The here package" (title)
INFO    : *              located within: "subsubsec-get-files-paths-using-here" (xml:id), "Get files paths using here()" (title)
INFO    : *              located within: "subsubsec-save-and-load-files-using-here" (xml:id), "Save and load files using here()" (title)
INFO    : *              located within: "subsubsec-save-and-load-files-using-here" (xml:id), "Save and load files using here()" (title)
INFO    : *              located within: "subsec-project-template-everything-in-its-place" (xml:id), "Project Template: Everything In Its Place" (title)
INFO    : *              located within: "subsec-creating-a-tibble" (xml:id), "Creating a tibble" (title)
INFO    : *              located within: "subsubsec-as_tibble" (xml:id), "as_tibble()" (title)
INFO    : *              located within: "subsubsec-as_tibble" (xml:id), "as_tibble()" (title)
INFO    : *              located within: "subsubsec-as_tibble" (xml:id), "as_tibble()" (title)
INFO    : *              located within: "subsubsec-as_tibble" (xml:id), "as_tibble()" (title)
INFO    : *              located within: "subsubsec-as_tibble" (xml:id), "as_tibble()" (title)
INFO    : *              located within: "subsubsec-ch02-tibble" (xml:id), "tibble()" (title)
INFO    : *              located within: "subsubsec-ch02-tibble" (xml:id), "tibble()" (title)
INFO    : *              located within: "subsec-subsetting" (xml:id), "Subsetting" (title)
INFO    : *              located within: "subsubsec-reading-excel-files-into-r" (xml:id), "Reading Excel files into R" (title)
INFO    : *              located within: "subsubsec-reading-excel-files-into-r" (xml:id), "Reading Excel files into R" (title)
INFO    : *              located within: "subsubsec-reading-excel-files-into-r" (xml:id), "Reading Excel files into R" (title)
INFO    : *              located within: "subsubsec-reading-excel-files-into-r" (xml:id), "Reading Excel files into R" (title)
INFO    : *              located within: "subsubsec-reading-excel-files-into-r" (xml:id), "Reading Excel files into R" (title)
INFO    : *              located within: "subsubsec-reading-excel-files-into-r" (xml:id), "Reading Excel files into R" (title)
INFO    : *              located within: "subsubsec-reading-excel-files-into-r" (xml:id), "Reading Excel files into R" (title)
INFO    : *              located within: "par-getting-started-with-googlesheets4" (xml:id), "Getting Started with googlesheets4" (title)
INFO    : *              located within: "par-reading-data-in-using-googlesheetsgs_read" (xml:id), "Reading data in using googlesheets:gs_read()" (title)
INFO    : *              located within: "par-reading-data-in-using-googlesheetsgs_read" (xml:id), "Reading data in using googlesheets:gs_read()" (title)
INFO    : *              located within: "par-reading-data-in-using-googlesheetsgs_read" (xml:id), "Reading data in using googlesheets:gs_read()" (title)
INFO    : *              located within: "subsec-reading-csvs-into-r" (xml:id), "Reading CSVs into R" (title)
INFO    : *              located within: "subsec-reading-tsvs-into-r" (xml:id), "Reading TSVs into R" (title)
INFO    : *              located within: "subsec-reading-delimited-files-into-r" (xml:id), "Reading Delimited Files into R" (title)
INFO    : *              located within: "sec-exporting-data-from-r" (xml:id), "Exporting Data from R" (title)
INFO    : *              located within: "sec-json" (xml:id), "JSON" (title)
INFO    : *              located within: "sec-json" (xml:id), "JSON" (title)
INFO    : *              located within: "sec-json" (xml:id), "JSON" (title)
INFO    : *              located within: "sec-json" (xml:id), "JSON" (title)
INFO    : *              located within: "sec-xml" (xml:id), "XML" (title)
INFO    : *              located within: "subsec-connecting-to-databases-rsqlite" (xml:id), "Connecting to Databases: RSQLite" (title)
INFO    : *              located within: "subsec-working-with-relational-data-dplyr-dbplyr" (xml:id), "Working with Relational Data: dplyr & dbplyr" (title)
INFO    : *              located within: "subsubsec-inner-join" (xml:id), "Inner Join" (title)
INFO    : *              located within: "subsubsec-left-join" (xml:id), "Left Join" (title)
INFO    : *              located within: "subsubsec-right-join" (xml:id), "Right Join" (title)
INFO    : *              located within: "subsubsec-full-join" (xml:id), "Full Join" (title)
INFO    : *              located within: "subsec-how-to-connect-to-a-database-online" (xml:id), "How to Connect to a Database Online" (title)
INFO    : *              located within: "subsubsec-using-rvest" (xml:id), "Using rvest" (title)
INFO    : *              located within: "subsubsec-api-request-get" (xml:id), "API request: GET()" (title)
INFO    : *              located within: "subsubsec-api-response-content" (xml:id), "API response: content()" (title)
INFO    : *              located within: "subsubsec-api-response-content" (xml:id), "API response: content()" (title)
INFO    : *              located within: "subsubsec-api-response-content" (xml:id), "API response: content()" (title)
INFO    : *              located within: "subsubsec-api-response-content" (xml:id), "API response: content()" (title)
INFO    : *              located within: "subsec-example-2-obtaining-a-csv" (xml:id), "Example 2: Obtaining a CSV" (title)
INFO    : *              located within: "subsec-read_csv-from-a-url" (xml:id), "read_csv() from a URL" (title)
INFO    : *              located within: "subsec-api-keys" (xml:id), "API keys" (title)
INFO    : *              located within: "subsec-haven" (xml:id), "haven" (title)
INFO    : *              located within: "subsec-haven" (xml:id), "haven" (title)
INFO    : *              located within: "subsec-haven" (xml:id), "haven" (title)
INFO    : *              located within: "subsubsec-reading-images-in-r" (xml:id), "Reading Images in R" (title)
INFO    : *              located within: "sec-googledrive" (xml:id), "googledrive" (title)
INFO    : *              located within: "sec-googledrive" (xml:id), "googledrive" (title)
INFO    : *              located within: "sec-googledrive" (xml:id), "googledrive" (title)
INFO    : *              located within: "sec-googledrive" (xml:id), "googledrive" (title)
INFO    : *              located within: "sec-googledrive" (xml:id), "googledrive" (title)
INFO    : *              located within: "sec-googledrive" (xml:id), "googledrive" (title)
INFO    : *              located within: "sec-googledrive" (xml:id), "googledrive" (title)
INFO    : *              located within: "sec-googledrive" (xml:id), "googledrive" (title)
INFO    : *              located within: "subsubsec-health-care-coverage-data" (xml:id), "health care Coverage Data" (title)
INFO    : *              located within: "subsubsec-health-care-coverage-data" (xml:id), "health care Coverage Data" (title)
INFO    : *              located within: "subsubsec-health-care-coverage-data" (xml:id), "health care Coverage Data" (title)
INFO    : *              located within: "subsubsec-health-care-coverage-data" (xml:id), "health care Coverage Data" (title)
INFO    : *              located within: "subsubsec-health-care-coverage-data" (xml:id), "health care Coverage Data" (title)
INFO    : *              located within: "subsubsec-health-care-spending-data" (xml:id), "health care Spending Data" (title)
INFO    : *              located within: "subsubsec-health-care-spending-data" (xml:id), "health care Spending Data" (title)
INFO    : *              located within: "subsubsec-census-data" (xml:id), "Census Data" (title)
INFO    : *              located within: "subsubsec-counted-data" (xml:id), "Counted Data" (title)
INFO    : *              located within: "subsubsec-suicide-data" (xml:id), "Suicide Data" (title)
INFO    : *              located within: "subsubsec-brady-data" (xml:id), "Brady Data" (title)
INFO    : *              located within: "subsubsec-crime-data" (xml:id), "Crime Data" (title)
INFO    : *              located within: "subsubsec-land-area-data" (xml:id), "Land Area Data" (title)
INFO    : *              located within: "subsubsec-unemployment-data" (xml:id), "Unemployment Data" (title)
INFO    : *              located within: "subsubsec-unemployment-data" (xml:id), "Unemployment Data" (title)
INFO    : *              located within: "reshaping-the-data" (xml:id), "Reshaping the Data" (title)
INFO    : *              located within: "pivot_longer" (xml:id), "pivot_longer()" (title)
INFO    : *              located within: "pivot_longer" (xml:id), "pivot_longer()" (title)
INFO    : *              located within: "pivot_longer" (xml:id), "pivot_longer()" (title)
INFO    : *              located within: "pivot_wider" (xml:id), "pivot_wider()" (title)
INFO    : *              located within: "janitor" (xml:id), "janitor" (title)
INFO    : *              located within: "skimr" (xml:id), "skimr" (title)
INFO    : *              located within: "the-pipe-operator" (xml:id), "The Pipe Operator" (title)
INFO    : *              located within: "the-pipe-operator" (xml:id), "The Pipe Operator" (title)
INFO    : *              located within: "the-pipe-operator" (xml:id), "The Pipe Operator" (title)
INFO    : *              located within: "the-pipe-operator" (xml:id), "The Pipe Operator" (title)
INFO    : *              located within: "the-pipe-operator" (xml:id), "The Pipe Operator" (title)
INFO    : *              located within: "filtering-data" (xml:id), "Filtering Data" (title)
INFO    : *              located within: "filtering-rows" (xml:id), "Filtering Rows" (title)
INFO    : *              located within: "filtering-rows" (xml:id), "Filtering Rows" (title)
INFO    : *              located within: "filtering-rows" (xml:id), "Filtering Rows" (title)
INFO    : *              located within: "filtering-rows" (xml:id), "Filtering Rows" (title)
INFO    : *              located within: "selecting-columns" (xml:id), "Selecting Columns" (title)
INFO    : *              located within: "selecting-columns" (xml:id), "Selecting Columns" (title)
INFO    : *              located within: "renaming-columns" (xml:id), "Renaming Columns" (title)
INFO    : *              located within: "renaming-columns" (xml:id), "Renaming Columns" (title)
INFO    : *              located within: "reordering-columns" (xml:id), "Reordering Columns" (title)
INFO    : *              located within: "reordering-rows" (xml:id), "Reordering Rows" (title)
INFO    : *              located within: "reordering-rows" (xml:id), "Reordering Rows" (title)
INFO    : *              located within: "reordering-rows" (xml:id), "Reordering Rows" (title)
INFO    : *              located within: "reordering-rows" (xml:id), "Reordering Rows" (title)
INFO    : *              located within: "creating-new-columns" (xml:id), "Creating New Columns" (title)
INFO    : *              located within: "separating-columns" (xml:id), "Separating Columns" (title)
INFO    : *              located within: "separating-columns" (xml:id), "Separating Columns" (title)
INFO    : *              located within: "merging-columns" (xml:id), "Merging Columns" (title)
INFO    : *              located within: "cleaning-column-names" (xml:id), "Cleaning Column Names" (title)
INFO    : *              located within: "combining-data-across-data-frames" (xml:id), "Combining Data Across Data Frames" (title)
INFO    : *              located within: "group_by" (xml:id), "group_by()" (title)
INFO    : *              located within: "summarize" (xml:id), "summarize()" (title)
INFO    : *              located within: "summarize" (xml:id), "summarize()" (title)
INFO    : *              located within: "summarize" (xml:id), "summarize()" (title)
INFO    : *              located within: "summarize" (xml:id), "summarize()" (title)
INFO    : *              located within: "tabyl" (xml:id), "tabyl()" (title)
INFO    : *              located within: "tabyl" (xml:id), "tabyl()" (title)
INFO    : *              located within: "tally" (xml:id), "tally()" (title)
INFO    : *              located within: "tally" (xml:id), "tally()" (title)
INFO    : *              located within: "tally" (xml:id), "tally()" (title)
INFO    : *              located within: "tally" (xml:id), "tally()" (title)
INFO    : *              located within: "tally" (xml:id), "tally()" (title)
INFO    : *              located within: "add_tally" (xml:id), "add_tally()" (title)
INFO    : *              located within: "add_tally" (xml:id), "add_tally()" (title)
INFO    : *              located within: "count" (xml:id), "count()" (title)
INFO    : *              located within: "count" (xml:id), "count()" (title)
INFO    : *              located within: "count" (xml:id), "count()" (title)
INFO    : *              located within: "add_count" (xml:id), "add_count()" (title)
INFO    : *              located within: "get_dupes" (xml:id), "get_dupes()" (title)
INFO    : *              located within: "skim" (xml:id), "skim()" (title)
INFO    : *              located within: "skim" (xml:id), "skim()" (title)
INFO    : *              located within: "skim" (xml:id), "skim()" (title)
INFO    : *              located within: "summary" (xml:id), "summary()" (title)
INFO    : *              located within: "operations-across-columns" (xml:id), "Operations Across Columns" (title)
INFO    : *              located within: "operations-across-columns" (xml:id), "Operations Across Columns" (title)
INFO    : *              located within: "operations-across-columns" (xml:id), "Operations Across Columns" (title)
INFO    : *              located within: "operations-across-columns" (xml:id), "Operations Across Columns" (title)
INFO    : *              located within: "operations-across-columns" (xml:id), "Operations Across Columns" (title)
INFO    : *              located within: "factor-review" (xml:id), "Factor Review" (title)
INFO    : *              located within: "factor-review" (xml:id), "Factor Review" (title)
INFO    : *              located within: "factor-review" (xml:id), "Factor Review" (title)
INFO    : *              located within: "manually-changing-the-labels-of-factor-levels-fct_relevel" (xml:id), "Manually Changing the Labels of Factor Levels: fct_relevel()" (title)
INFO    : *              located within: "keeping-the-order-of-the-factor-levels-fct_inorder" (xml:id), "Keeping the Order of the Factor Levels: fct_inorder()" (title)
INFO    : *              located within: "re-ordering-factor-levels-by-frequency-fct_infreq" (xml:id), "Re-ordering Factor Levels by Frequency: fct_infreq()" (title)
INFO    : *              located within: "reversing-order-levels-fct_rev" (xml:id), "Reversing Order Levels: fct_rev()" (title)
INFO    : *              located within: "re-ordering-factor-levels-by-another-variable-fct_reorder" (xml:id), "Re-ordering Factor Levels by Another Variable: fct_reorder()" (title)
INFO    : *              located within: "combining-several-levels-into-one-fct_recode" (xml:id), "Combining Several Levels into One: fct_recode()" (title)
INFO    : *              located within: "converting-numeric-levels-to-factors-ifelse-factor" (xml:id), "Converting Numeric Levels to Factors: ifelse() + factor()" (title)
INFO    : *              located within: "working-with-dates-and-times" (xml:id), "Working With Dates and Times" (title)
INFO    : *              located within: "from-strings" (xml:id), "From strings" (title)
INFO    : *              located within: "from-strings" (xml:id), "From strings" (title)
INFO    : *              located within: "from-individual-parts" (xml:id), "From individual parts" (title)
INFO    : *              located within: "from-individual-parts" (xml:id), "From individual parts" (title)
INFO    : *              located within: "from-individual-parts" (xml:id), "From individual parts" (title)
INFO    : *              located within: "getting-components-of-dates" (xml:id), "Getting components of dates" (title)
INFO    : *              located within: "time-spans" (xml:id), "Time Spans" (title)
INFO    : *              located within: "working-with-strings" (xml:id), "Working With Strings" (title)
INFO    : *              located within: "working-with-strings" (xml:id), "Working With Strings" (title)
INFO    : *              located within: "string-length" (xml:id), "String length" (title)
INFO    : *              located within: "combining-strings-str_c" (xml:id), "Combining strings: str_c()" (title)
INFO    : *              located within: "combining-strings-str_c" (xml:id), "Combining strings: str_c()" (title)
INFO    : *              located within: "subsetting-strings-str_sub" (xml:id), "Subsetting strings: str_sub()" (title)
INFO    : *              located within: "subsetting-strings-str_sub" (xml:id), "Subsetting strings: str_sub()" (title)
INFO    : *              located within: "string-sorting-str_sort" (xml:id), "String sorting: str_sort()" (title)
INFO    : *              located within: "show-matches-str_view" (xml:id), "Show matches: str_view()" (title)
INFO    : *              located within: "show-matches-str_view" (xml:id), "Show matches: str_view()" (title)
INFO    : *              located within: "show-matches-str_view" (xml:id), "Show matches: str_view()" (title)
INFO    : *              located within: "show-matches-str_view" (xml:id), "Show matches: str_view()" (title)
INFO    : *              located within: "count-matches-str_count" (xml:id), "Count matches: str_count()" (title)
INFO    : *              located within: "count-matches-str_count" (xml:id), "Count matches: str_count()" (title)
INFO    : *              located within: "detect-matches-str_detect" (xml:id), "Detect matches: str_detect()" (title)
INFO    : *              located within: "subset-matches-str_subset" (xml:id), "Subset matches: str_subset()" (title)
INFO    : *              located within: "extract-matches-str_extract" (xml:id), "Extract matches: str_extract()" (title)
INFO    : *              located within: "replace-matches-str_replace" (xml:id), "Replace matches: str_replace()" (title)
INFO    : *              located within: "searching-for-characters" (xml:id), "Searching for characters" (title)
INFO    : *              located within: "searching-for-anything-other-than-a-set-of-characters" (xml:id), "Searching for anything other than a set of characters" (title)
INFO    : *              located within: "search-for-digits" (xml:id), "Search for digits" (title)
INFO    : *              located within: "search-for-whitespace" (xml:id), "Search for whitespace" (title)
INFO    : *              located within: "identify-any-character-except-newline" (xml:id), "Identify any character (except newline)" (title)
INFO    : *              located within: "examples-of-repetition-within-regular-expressions" (xml:id), "Examples of repetition within regular expressions" (title)
INFO    : *              located within: "examples-of-repetition-within-regular-expressions" (xml:id), "Examples of repetition within regular expressions" (title)
INFO    : *              located within: "examples-of-repetition-within-regular-expressions" (xml:id), "Examples of repetition within regular expressions" (title)
INFO    : *              located within: "examples-of-repetition-within-regular-expressions" (xml:id), "Examples of repetition within regular expressions" (title)
INFO    : *              located within: "examples-of-repetition-within-regular-expressions" (xml:id), "Examples of repetition within regular expressions" (title)
INFO    : *              located within: "glue" (xml:id), "glue" (title)
INFO    : *              located within: "glue" (xml:id), "glue" (title)
INFO    : *              located within: "glue" (xml:id), "glue" (title)
INFO    : *              located within: "working-with-text" (xml:id), "Working With Text" (title)
INFO    : *              located within: "tokenization" (xml:id), "Tokenization" (title)
INFO    : *              located within: "tokenization" (xml:id), "Tokenization" (title)
INFO    : *              located within: "tokenization" (xml:id), "Tokenization" (title)
INFO    : *              located within: "sentiment-analysis" (xml:id), "Sentiment Analysis" (title)
INFO    : *              located within: "sentiment-analysis" (xml:id), "Sentiment Analysis" (title)
INFO    : *              located within: "sentiment-analysis" (xml:id), "Sentiment Analysis" (title)
INFO    : *              located within: "word-and-document-frequency" (xml:id), "Word and Document Frequency" (title)
INFO    : *              located within: "word-and-document-frequency" (xml:id), "Word and Document Frequency" (title)
INFO    : *              located within: "word-and-document-frequency" (xml:id), "Word and Document Frequency" (title)
INFO    : *              located within: "word-and-document-frequency" (xml:id), "Word and Document Frequency" (title)
INFO    : *              located within: "word-and-document-frequency" (xml:id), "Word and Document Frequency" (title)
INFO    : *              located within: "word-and-document-frequency" (xml:id), "Word and Document Frequency" (title)
INFO    : *              located within: "word-and-document-frequency" (xml:id), "Word and Document Frequency" (title)
INFO    : *              located within: "word-and-document-frequency" (xml:id), "Word and Document Frequency" (title)
INFO    : *              located within: "word-and-document-frequency" (xml:id), "Word and Document Frequency" (title)
INFO    : *              located within: "for-loops-vs-functionals" (xml:id), "For Loops vs. Functionals" (title)
INFO    : *              located within: "copy-paste-approach" (xml:id), "Copy + Paste Approach" (title)
INFO    : *              located within: "for-loop-approach" (xml:id), "For Loop Approach" (title)
INFO    : *              located within: "function-approach" (xml:id), "Function Approach" (title)
INFO    : *              located within: "purrr-approach" (xml:id), "purrr Approach" (title)
INFO    : *              located within: "purrr-approach" (xml:id), "purrr Approach" (title)
INFO    : *              located within: "purrr-approach" (xml:id), "purrr Approach" (title)
INFO    : *              located within: "purrr-approach" (xml:id), "purrr Approach" (title)
INFO    : *              located within: "map-functions" (xml:id), "map Functions" (title)
INFO    : *              located within: "map2" (xml:id), "map2" (title)
INFO    : *              located within: "map2" (xml:id), "map2" (title)
INFO    : *              located within: "map2" (xml:id), "map2" (title)
INFO    : *              located within: "map2" (xml:id), "map2" (title)
INFO    : *              located within: "map2" (xml:id), "map2" (title)
INFO    : *              located within: "pmap" (xml:id), "pmap" (title)
INFO    : *              located within: "anonymous-functions" (xml:id), "Anonymous Functions" (title)
INFO    : *              located within: "anonymous-functions" (xml:id), "Anonymous Functions" (title)
INFO    : *              located within: "general-principles-of-eda" (xml:id), "General Principles of EDA" (title)
INFO    : *              located within: "general-principles-of-eda" (xml:id), "General Principles of EDA" (title)
INFO    : *              located within: "general-principles-of-eda" (xml:id), "General Principles of EDA" (title)
INFO    : *              located within: "case-studies" (xml:id), "Case Studies" (title)
INFO    : *              located within: "health-care-coverage-data" (xml:id), "health care Coverage Data" (title)
INFO    : *              located within: "states-data" (xml:id), "States Data" (title)
INFO    : *              located within: "states-data" (xml:id), "States Data" (title)
INFO    : *              located within: "states-data" (xml:id), "States Data" (title)
INFO    : *              located within: "states-data" (xml:id), "States Data" (title)
INFO    : *              located within: "states-data" (xml:id), "States Data" (title)
INFO    : *              located within: "states-data" (xml:id), "States Data" (title)
INFO    : *              located within: "health-care-spending-data" (xml:id), "health care Spending Data" (title)
INFO    : *              located within: "health-care-spending-data" (xml:id), "health care Spending Data" (title)
INFO    : *              located within: "join-the-data" (xml:id), "Join the Data" (title)
INFO    : *              located within: "join-the-data" (xml:id), "Join the Data" (title)
INFO    : *              located within: "join-the-data" (xml:id), "Join the Data" (title)
INFO    : *              located within: "join-the-data" (xml:id), "Join the Data" (title)
INFO    : *              located within: "join-the-data" (xml:id), "Join the Data" (title)
INFO    : *              located within: "join-the-data" (xml:id), "Join the Data" (title)
INFO    : *              located within: "join-the-data" (xml:id), "Join the Data" (title)
INFO    : *              located within: "join-the-data" (xml:id), "Join the Data" (title)
INFO    : *              located within: "census-data" (xml:id), "Census Data" (title)
INFO    : *              located within: "census-data" (xml:id), "Census Data" (title)
INFO    : *              located within: "census-data" (xml:id), "Census Data" (title)
INFO    : *              located within: "census-data" (xml:id), "Census Data" (title)
INFO    : *              located within: "census-data" (xml:id), "Census Data" (title)
INFO    : *              located within: "census-data" (xml:id), "Census Data" (title)
INFO    : *              located within: "violent-crime" (xml:id), "Violent Crime" (title)
INFO    : *              located within: "violent-crime" (xml:id), "Violent Crime" (title)
INFO    : *              located within: "violent-crime" (xml:id), "Violent Crime" (title)
INFO    : *              located within: "violent-crime" (xml:id), "Violent Crime" (title)
INFO    : *              located within: "violent-crime" (xml:id), "Violent Crime" (title)
INFO    : *              located within: "violent-crime" (xml:id), "Violent Crime" (title)
INFO    : *              located within: "violent-crime" (xml:id), "Violent Crime" (title)
INFO    : *              located within: "brady-scores" (xml:id), "Brady Scores" (title)
INFO    : *              located within: "brady-scores" (xml:id), "Brady Scores" (title)
INFO    : *              located within: "brady-scores" (xml:id), "Brady Scores" (title)
INFO    : *              located within: "brady-scores" (xml:id), "Brady Scores" (title)
INFO    : *              located within: "the-counted-fatal-shootings" (xml:id), "The Counted Fatal Shootings" (title)
INFO    : *              located within: "the-counted-fatal-shootings" (xml:id), "The Counted Fatal Shootings" (title)
INFO    : *              located within: "the-counted-fatal-shootings" (xml:id), "The Counted Fatal Shootings" (title)
INFO    : *              located within: "the-counted-fatal-shootings" (xml:id), "The Counted Fatal Shootings" (title)
INFO    : *              located within: "unemployment-data" (xml:id), "Unemployment Data" (title)
INFO    : *              located within: "unemployment-data" (xml:id), "Unemployment Data" (title)
INFO    : *              located within: "unemployment-data" (xml:id), "Unemployment Data" (title)
INFO    : *              located within: "unemployment-data" (xml:id), "Unemployment Data" (title)
INFO    : *              located within: "unemployment-data" (xml:id), "Unemployment Data" (title)
INFO    : *              located within: "population-density-2015" (xml:id), "Population Density: 2015" (title)
INFO    : *              located within: "population-density-2015" (xml:id), "Population Density: 2015" (title)
INFO    : *              located within: "population-density-2015" (xml:id), "Population Density: 2015" (title)
INFO    : *              located within: "population-density-2015" (xml:id), "Population Density: 2015" (title)
INFO    : *              located within: "firearm-ownership" (xml:id), "Firearm Ownership" (title)
INFO    : *              located within: "firearm-ownership" (xml:id), "Firearm Ownership" (title)
INFO    : *              located within: "firearm-ownership" (xml:id), "Firearm Ownership" (title)
INFO    : *              located within: "sec-plot-types" (xml:id), "Plot Types" (title)
INFO    : *              located within: "sec-ggplot2-basics" (xml:id), "ggplot2: Basics" (title)
INFO    : *              located within: "subsec-ggplot2-background" (xml:id), "ggplot2 Background" (title)
INFO    : *              located within: "subsec-example-dataset-diamonds" (xml:id), "Example Dataset: diamonds" (title)
INFO    : *              located within: "subsec-scatterplots-geom_point" (xml:id), "Scatterplots: geom_point()" (title)
INFO    : *              located within: "subsubsec-point-color" (xml:id), "Point color" (title)
INFO    : *              located within: "subsubsec-point-color" (xml:id), "Point color" (title)
INFO    : *              located within: "subsubsec-point-size" (xml:id), "Point size" (title)
INFO    : *              located within: "subsubsec-point-size" (xml:id), "Point size" (title)
INFO    : *              located within: "subsubsec-point-shape" (xml:id), "Point Shape" (title)
INFO    : *              located within: "subsubsec-point-shape" (xml:id), "Point Shape" (title)
INFO    : *              located within: "subsec-facets" (xml:id), "Facets" (title)
INFO    : *              located within: "subsubsec-histograms-geom_histogram" (xml:id), "Histograms: geom_histogram" (title)
INFO    : *              located within: "subsubsec-barplots-geom_bar" (xml:id), "Barplots: geom_bar" (title)
INFO    : *              located within: "subsubsec-boxplots-geom_boxplot" (xml:id), "Boxplots: geom_boxplot" (title)
INFO    : *              located within: "subsubsec-boxplots-geom_boxplot" (xml:id), "Boxplots: geom_boxplot" (title)
INFO    : *              located within: "subsec-colors" (xml:id), "Colors" (title)
INFO    : *              located within: "subsec-colors" (xml:id), "Colors" (title)
INFO    : *              located within: "subsec-colors" (xml:id), "Colors" (title)
INFO    : *              located within: "subsec-colors" (xml:id), "Colors" (title)
INFO    : *              located within: "subsec-colors" (xml:id), "Colors" (title)
INFO    : *              located within: "subsec-colors" (xml:id), "Colors" (title)
INFO    : *              located within: "subsec-colors" (xml:id), "Colors" (title)
INFO    : *              located within: "subsec-colors" (xml:id), "Colors" (title)
INFO    : *              located within: "subsubsec-titles" (xml:id), "Titles" (title)
INFO    : *              located within: "subsubsec-axis-labels" (xml:id), "Axis labels" (title)
INFO    : *              located within: "subsec-themes" (xml:id), "Themes" (title)
INFO    : *              located within: "subsubsec-altering-text-size" (xml:id), "Altering text size" (title)
INFO    : *              located within: "subsubsec-additional-text-alterations" (xml:id), "Additional text alterations" (title)
INFO    : *              located within: "subsec-legends" (xml:id), "Legends" (title)
INFO    : *              located within: "subsec-legends" (xml:id), "Legends" (title)
INFO    : *              located within: "subsec-legends" (xml:id), "Legends" (title)
INFO    : *              located within: "subsec-legends" (xml:id), "Legends" (title)
INFO    : *              located within: "subsec-scales" (xml:id), "Scales" (title)
INFO    : *              located within: "subsec-scales" (xml:id), "Scales" (title)
INFO    : *              located within: "subsec-scales" (xml:id), "Scales" (title)
INFO    : *              located within: "subsec-scales" (xml:id), "Scales" (title)
INFO    : *              located within: "subsec-scales" (xml:id), "Scales" (title)
INFO    : *              located within: "subsec-scales" (xml:id), "Scales" (title)
INFO    : *              located within: "subsec-coordinate-adjustment" (xml:id), "Coordinate Adjustment" (title)
INFO    : *              located within: "subsec-coordinate-adjustment" (xml:id), "Coordinate Adjustment" (title)
INFO    : *              located within: "subsec-annotation" (xml:id), "Annotation" (title)
INFO    : *              located within: "subsec-vertical-and-horizontal-lines" (xml:id), "Vertical and Horizontal Lines" (title)
INFO    : *              located within: "subsec-vertical-and-horizontal-lines" (xml:id), "Vertical and Horizontal Lines" (title)
INFO    : *              located within: "subsec-getting-the-data-in-order" (xml:id), "Getting the Data in Order" (title)
INFO    : *              located within: "subsec-an-exploratory-table" (xml:id), "An Exploratory Table" (title)
INFO    : *              located within: "subsec-improving-the-table-output" (xml:id), "Improving the Table Output" (title)
INFO    : *              located within: "subsec-improving-the-table-output" (xml:id), "Improving the Table Output" (title)
INFO    : *              located within: "subsec-annotating-your-table" (xml:id), "Annotating Your Table" (title)
INFO    : *              located within: "subsec-ggrepel" (xml:id), "ggrepel" (title)
INFO    : *              located within: "subsec-ggrepel" (xml:id), "ggrepel" (title)
INFO    : *              located within: "subsec-ggrepel" (xml:id), "ggrepel" (title)
INFO    : *              located within: "subsubsec-custom-formatting" (xml:id), "Custom Formatting" (title)
INFO    : *              located within: "subsubsec-custom-formatting" (xml:id), "Custom Formatting" (title)
INFO    : *              located within: "subsec-directlabels" (xml:id), "directlabels" (title)
INFO    : *              located within: "subsec-directlabels" (xml:id), "directlabels" (title)
INFO    : *              located within: "subsubsec-theme" (xml:id), "Theme" (title)
INFO    : *              located within: "subsubsec-theme" (xml:id), "Theme" (title)
INFO    : *              located within: "subsubsec-theme" (xml:id), "Theme" (title)
INFO    : *              located within: "subsubsec-theme" (xml:id), "Theme" (title)
INFO    : *              located within: "subsubsec-multiple-plots" (xml:id), "Multiple Plots" (title)
INFO    : *              located within: "subsubsec-multiple-plots" (xml:id), "Multiple Plots" (title)
INFO    : *              located within: "subsubsec-multiple-plots" (xml:id), "Multiple Plots" (title)
INFO    : *              located within: "subsubsec-multiple-plots" (xml:id), "Multiple Plots" (title)
INFO    : *              located within: "subsubsec-multiple-plots" (xml:id), "Multiple Plots" (title)
INFO    : *              located within: "subsubsec-multiple-plots" (xml:id), "Multiple Plots" (title)
INFO    : *              located within: "subsubsec-multiple-plots" (xml:id), "Multiple Plots" (title)
INFO    : *              located within: "subsec-patchwork" (xml:id), "patchwork" (title)
INFO    : *              located within: "subsec-patchwork" (xml:id), "patchwork" (title)
INFO    : *              located within: "subsec-patchwork" (xml:id), "patchwork" (title)
INFO    : *              located within: "subsec-patchwork" (xml:id), "patchwork" (title)
INFO    : *              located within: "subsec-patchwork" (xml:id), "patchwork" (title)
INFO    : *              located within: "subsec-patchwork" (xml:id), "patchwork" (title)
INFO    : *              located within: "subsec-patchwork" (xml:id), "patchwork" (title)
INFO    : *              located within: "subsec-patchwork" (xml:id), "patchwork" (title)
INFO    : *              located within: "subsec-patchwork" (xml:id), "patchwork" (title)
INFO    : *              located within: "subsec-patchwork" (xml:id), "patchwork" (title)
INFO    : *              located within: "subsec-patchwork" (xml:id), "patchwork" (title)
INFO    : *              located within: "subsec-patchwork" (xml:id), "patchwork" (title)
INFO    : *              located within: "subsec-patchwork" (xml:id), "patchwork" (title)
INFO    : *              located within: "subsec-patchwork" (xml:id), "patchwork" (title)
INFO    : *              located within: "subsec-gganimate" (xml:id), "gganimate" (title)
INFO    : *              located within: "subsubsec-example-mtcars" (xml:id), "Example: mtcars" (title)
INFO    : *              located within: "subsubsec-example-mtcars" (xml:id), "Example: mtcars" (title)
INFO    : *              located within: "subsubsec-example-mtcars" (xml:id), "Example: mtcars" (title)
INFO    : *              located within: "subsubsec-example-mtcars" (xml:id), "Example: mtcars" (title)
INFO    : *              located within: "subsubsec-example-mtcars" (xml:id), "Example: mtcars" (title)
INFO    : *              located within: "subsubsec-example-mtcars" (xml:id), "Example: mtcars" (title)
INFO    : *              located within: "subsubsec-example-mtcars" (xml:id), "Example: mtcars" (title)
INFO    : *              located within: "subsubsec-example-mtcars" (xml:id), "Example: mtcars" (title)
INFO    : *              located within: "subsubsec-example-mtcars" (xml:id), "Example: mtcars" (title)
INFO    : *              located within: "subsubsec-example-mtcars" (xml:id), "Example: mtcars" (title)
INFO    : *              located within: "subsubsec-example-gapminder" (xml:id), "Example: gapminder" (title)
INFO    : *              located within: "subsubsec-example-gapminder" (xml:id), "Example: gapminder" (title)
INFO    : *              located within: "sec-ch04-case-studies" (xml:id), "Case Studies" (title)
INFO    : *              located within: "subsec-ch04-case-study-1-health-expenditures" (xml:id), "Case Study #1: Health Expenditures" (title)
INFO    : *              located within: "subsubsec-cs1-exploratory-data-analysis-eda" (xml:id), "Exploratory Data Analysis (EDA)" (title)
INFO    : *              located within: "subsubsec-cs1-exploratory-data-analysis-eda" (xml:id), "Exploratory Data Analysis (EDA)" (title)
INFO    : *              located within: "subsubsec-cs1-exploratory-data-analysis-eda" (xml:id), "Exploratory Data Analysis (EDA)" (title)
INFO    : *              located within: "subsubsec-cs1-exploratory-data-analysis-eda" (xml:id), "Exploratory Data Analysis (EDA)" (title)
INFO    : *              located within: "subsubsec-cs1-exploratory-data-analysis-eda" (xml:id), "Exploratory Data Analysis (EDA)" (title)
INFO    : *              located within: "subsubsec-q1-relationship-between-coverage-and-spending" (xml:id), "Q1: Relationship between coverage and spending?" (title)
INFO    : *              located within: "subsubsec-q1-relationship-between-coverage-and-spending" (xml:id), "Q1: Relationship between coverage and spending?" (title)
INFO    : *              located within: "subsubsec-q1-relationship-between-coverage-and-spending" (xml:id), "Q1: Relationship between coverage and spending?" (title)
INFO    : *              located within: "subsubsec-q1-relationship-between-coverage-and-spending" (xml:id), "Q1: Relationship between coverage and spending?" (title)
INFO    : *              located within: "subsubsec-q1-relationship-between-coverage-and-spending" (xml:id), "Q1: Relationship between coverage and spending?" (title)
INFO    : *              located within: "subsubsec-q1-relationship-between-coverage-and-spending" (xml:id), "Q1: Relationship between coverage and spending?" (title)
INFO    : *              located within: "subsubsec-q1-relationship-between-coverage-and-spending" (xml:id), "Q1: Relationship between coverage and spending?" (title)
INFO    : *              located within: "subsubsec-q1-relationship-between-coverage-and-spending" (xml:id), "Q1: Relationship between coverage and spending?" (title)
INFO    : *              located within: "subsubsec-q2-spending-across-geographic-regions" (xml:id), "Q2: Spending Across Geographic Regions?" (title)
INFO    : *              located within: "subsubsec-q2-spending-across-geographic-regions" (xml:id), "Q2: Spending Across Geographic Regions?" (title)
INFO    : *              located within: "subsubsec-q3-coverage-and-spending-change-over-time" (xml:id), "Q3: Coverage and Spending Change Over Time?" (title)
INFO    : *              located within: "subsec-ch04-case-study-2-firearms" (xml:id), "Case Study #2: Firearms" (title)
INFO    : *              located within: "subsubsec-cs2-exploratory-data-analysis-eda" (xml:id), "Exploratory Data Analysis (EDA)" (title)
INFO    : *              located within: "subsubsec-cs2-exploratory-data-analysis-eda" (xml:id), "Exploratory Data Analysis (EDA)" (title)
INFO    : *              located within: "subsubsec-cs2-exploratory-data-analysis-eda" (xml:id), "Exploratory Data Analysis (EDA)" (title)
INFO    : *              located within: "subsubsec-cs2-exploratory-data-analysis-eda" (xml:id), "Exploratory Data Analysis (EDA)" (title)
INFO    : *              located within: "subsubsec-cs2-exploratory-data-analysis-eda" (xml:id), "Exploratory Data Analysis (EDA)" (title)
INFO    : *              located within: "subsubsec-q-relationship-between-fatal-police-shootings-and-legislation" (xml:id), "Q: Relationship between Fatal Police Shootings and Legislation?" (title)
INFO    : *              located within: "subsubsec-q-relationship-between-fatal-police-shootings-and-legislation" (xml:id), "Q: Relationship between Fatal Police Shootings and Legislation?" (title)
INFO    : *              located within: "subsubsec-q-relationship-between-fatal-police-shootings-and-legislation" (xml:id), "Q: Relationship between Fatal Police Shootings and Legislation?" (title)
INFO    : *              located within: "subsubsec-q-relationship-between-fatal-police-shootings-and-legislation" (xml:id), "Q: Relationship between Fatal Police Shootings and Legislation?" (title)
INFO    : *              located within: "sec-descriptive-and-exploratory-analysis" (xml:id), "Descriptive and Exploratory Analysis" (title)
INFO    : *              located within: "sec-descriptive-and-exploratory-analysis" (xml:id), "Descriptive and Exploratory Analysis" (title)
INFO    : *              located within: "sec-descriptive-and-exploratory-analysis" (xml:id), "Descriptive and Exploratory Analysis" (title)
INFO    : *              located within: "subsec-missing-values" (xml:id), "Missing Values" (title)
INFO    : *              located within: "subsec-missing-values" (xml:id), "Missing Values" (title)
INFO    : *              located within: "subsubsec-normal-distribution" (xml:id), "Normal Distribution" (title)
INFO    : *              located within: "subsubsec-normal-distribution" (xml:id), "Normal Distribution" (title)
INFO    : *              located within: "subsubsec-normal-distribution" (xml:id), "Normal Distribution" (title)
INFO    : *              located within: "subsec-identifying-outliers" (xml:id), "Identifying Outliers" (title)
INFO    : *              located within: "subsec-identifying-outliers" (xml:id), "Identifying Outliers" (title)
INFO    : *              located within: "subsec-evaluating-variables" (xml:id), "Evaluating Variables" (title)
INFO    : *              located within: "subsec-evaluating-variables" (xml:id), "Evaluating Variables" (title)
INFO    : *              located within: "subsubsec-ch05-skimr" (xml:id), "skimr" (title)
INFO    : *              located within: "subsubsec-ch05-skimr" (xml:id), "skimr" (title)
INFO    : *              located within: "subsubsec-ch05-skimr" (xml:id), "skimr" (title)
INFO    : *              located within: "subsubsec-ch05-skimr" (xml:id), "skimr" (title)
INFO    : *              located within: "subsec-evaluating-relationships" (xml:id), "Evaluating Relationships" (title)
INFO    : *              located within: "subsec-evaluating-relationships" (xml:id), "Evaluating Relationships" (title)
INFO    : *              located within: "subsec-evaluating-relationships" (xml:id), "Evaluating Relationships" (title)
INFO    : *              located within: "subsec-evaluating-relationships" (xml:id), "Evaluating Relationships" (title)
INFO    : *              located within: "subsec-evaluating-relationships" (xml:id), "Evaluating Relationships" (title)
INFO    : *              located within: "subsec-evaluating-relationships" (xml:id), "Evaluating Relationships" (title)
INFO    : *              located within: "subsec-evaluating-relationships" (xml:id), "Evaluating Relationships" (title)
INFO    : *              located within: "subsec-evaluating-relationships" (xml:id), "Evaluating Relationships" (title)
INFO    : *              located within: "subsec-association-testing-in-r" (xml:id), "Association Testing in R" (title)
INFO    : *              located within: "subsec-association-testing-in-r" (xml:id), "Association Testing in R" (title)
INFO    : *              located within: "subsec-fitting-the-model" (xml:id), "Fitting the Model" (title)
INFO    : *              located within: "subsec-model-diagnostics" (xml:id), "Model Diagnostics" (title)
INFO    : *              located within: "subsec-tree-girth-and-height-example" (xml:id), "Tree Girth and Height Example" (title)
INFO    : *              located within: "subsec-interpreting-the-model" (xml:id), "Interpreting the Model" (title)
INFO    : *              located within: "subsec-using-broom" (xml:id), "Using broom" (title)
INFO    : *              located within: "sec-multiple-linear-regression" (xml:id), "Multiple Linear Regression" (title)
INFO    : *              located within: "sec-multiple-linear-regression" (xml:id), "Multiple Linear Regression" (title)
INFO    : *              located within: "sec-multiple-linear-regression" (xml:id), "Multiple Linear Regression" (title)
INFO    : *              located within: "sec-multiple-linear-regression" (xml:id), "Multiple Linear Regression" (title)
INFO    : *              located within: "subsec-mean-different-from-expectation" (xml:id), "Mean Different From Expectation?" (title)
INFO    : *              located within: "subsec-testing-mean-difference-from-expectation-in-r" (xml:id), "Testing Mean Difference From Expectation in R" (title)
INFO    : *              located within: "subsec-testing-mean-difference-from-expectation-in-r" (xml:id), "Testing Mean Difference From Expectation in R" (title)
INFO    : *              located within: "subsec-testing-mean-difference-from-expectation-in-r" (xml:id), "Testing Mean Difference From Expectation in R" (title)
INFO    : *              located within: "subsec-theinfer-package" (xml:id), "TheInfer Package" (title)
INFO    : *              located within: "subsec-theinfer-package" (xml:id), "TheInfer Package" (title)
INFO    : *              located within: "subsec-theinfer-package" (xml:id), "TheInfer Package" (title)
INFO    : *              located within: "subsubsec-step-1-example-of-data-splitting-with-rsample" (xml:id), "Step 1: Example of Data Splitting with rsample" (title)
INFO    : *              located within: "subsubsec-step-1-example-of-data-splitting-with-rsample" (xml:id), "Step 1: Example of Data Splitting with rsample" (title)
INFO    : *              located within: "subsubsec-step-1-specify-variables-with-the-recipe-function" (xml:id), "Step 1: Specify variables  with the recipe() function" (title)
INFO    : *              located within: "subsubsec-step-1-specify-variables-with-the-recipe-function" (xml:id), "Step 1: Specify variables  with the recipe() function" (title)
INFO    : *              located within: "subsubsec-step-1-specify-variables-with-the-recipe-function" (xml:id), "Step 1: Specify variables  with the recipe() function" (title)
INFO    : *              located within: "subsubsec-step-2-specify-the-preprocessing-steps-with-step-functions" (xml:id), "Step 2: Specify the preprocessing steps with step*() functions" (title)
INFO    : *              located within: "subsubsec-step-3-example-of-optionally-performing-the-preprocessing-to-see-how-it-influences-the-data" (xml:id), "Step 3: Example of optionally performing the preprocessing to see how it influences the data" (title)
INFO    : *              located within: "subsubsec-step-3-example-of-optionally-performing-the-preprocessing-to-see-how-it-influences-the-data" (xml:id), "Step 3: Example of optionally performing the preprocessing to see how it influences the data" (title)
INFO    : *              located within: "subsubsec-step-3-example-of-optionally-performing-the-preprocessing-to-see-how-it-influences-the-data" (xml:id), "Step 3: Example of optionally performing the preprocessing to see how it influences the data" (title)
INFO    : *              located within: "subsubsec-step-3-example-of-optionally-performing-the-preprocessing-to-see-how-it-influences-the-data" (xml:id), "Step 3: Example of optionally performing the preprocessing to see how it influences the data" (title)
INFO    : *              located within: "subsubsec-step-4-example-of-specifying-the-model-with-parsnip" (xml:id), "Step 4: Example of specifying the model with parsnip" (title)
INFO    : *              located within: "subsubsec-step-4-example-of-specifying-the-model-with-parsnip" (xml:id), "Step 4: Example of specifying the model with parsnip" (title)
INFO    : *              located within: "subsubsec-step-4-example-of-specifying-the-model-with-parsnip" (xml:id), "Step 4: Example of specifying the model with parsnip" (title)
INFO    : *              located within: "subsubsec-step-5-example-of-fitting-the-model" (xml:id), "Step 5: Example of fitting the model" (title)
INFO    : *              located within: "subsubsec-step-5-example-of-fitting-the-model" (xml:id), "Step 5: Example of fitting the model" (title)
INFO    : *              located within: "subsubsec-step-6-example-of-assessing-the-model-performance" (xml:id), "Step 6: Example of assessing the model performance" (title)
INFO    : *              located within: "subsubsec-step-6-example-of-assessing-the-model-performance" (xml:id), "Step 6: Example of assessing the model performance" (title)
INFO    : *              located within: "subsubsec-step-6-example-of-assessing-the-model-performance" (xml:id), "Step 6: Example of assessing the model performance" (title)
INFO    : *              located within: "subsubsec-step-6-example-of-assessing-the-model-performance" (xml:id), "Step 6: Example of assessing the model performance" (title)
INFO    : *              located within: "subsubsec-step-6-example-of-assessing-the-model-performance" (xml:id), "Step 6: Example of assessing the model performance" (title)
INFO    : *              located within: "subsubsec-step-6-example-of-assessing-the-model-performance" (xml:id), "Step 6: Example of assessing the model performance" (title)
INFO    : *              located within: "subsec-example-of-categorical-variable-prediction" (xml:id), "Example of Categorical Variable Prediction" (title)
INFO    : *              located within: "subsubsec-example-of-creating-cross-validation-samples-with-rsample" (xml:id), "Example of creating cross validation samples with rsample" (title)
INFO    : *              located within: "subsubsec-example-of-creating-cross-validation-samples-with-rsample" (xml:id), "Example of creating cross validation samples with rsample" (title)
INFO    : *              located within: "subsubsec-example-of-creating-another-recipe-model-and-workflow" (xml:id), "Example of creating another recipe, model and workflow" (title)
INFO    : *              located within: "subsubsec-example-of-creating-another-recipe-model-and-workflow" (xml:id), "Example of creating another recipe, model and workflow" (title)
INFO    : *              located within: "subsubsec-example-of-creating-another-recipe-model-and-workflow" (xml:id), "Example of creating another recipe, model and workflow" (title)
INFO    : *              located within: "subsubsec-example-of-assessing-model-performance-with-cross-validation-using-tune" (xml:id), "Example of assessing model performance with cross validation using tune" (title)
INFO    : *              located within: "subsubsec-example-of-assessing-model-performance-with-cross-validation-using-tune" (xml:id), "Example of assessing model performance with cross validation using tune" (title)
INFO    : *              located within: "subsubsec-example-of-assessing-model-performance-with-cross-validation-using-tune" (xml:id), "Example of assessing model performance with cross validation using tune" (title)
INFO    : *              located within: "subsubsec-example-of-assessing-model-performance-with-cross-validation-using-tune" (xml:id), "Example of assessing model performance with cross validation using tune" (title)
INFO    : *              located within: "subsubsec-example-of-assessing-model-performance-with-cross-validation-using-tune" (xml:id), "Example of assessing model performance with cross validation using tune" (title)
INFO    : *              located within: "subsubsec-example-of-assessing-model-performance-with-cross-validation-using-tune" (xml:id), "Example of assessing model performance with cross validation using tune" (title)
INFO    : *              located within: "subsubsec-example-of-assessing-model-performance-with-cross-validation-using-tune" (xml:id), "Example of assessing model performance with cross validation using tune" (title)
INFO    : *              located within: "subsubsec-example-of-tuning" (xml:id), "Example of tuning" (title)
INFO    : *              located within: "subsubsec-example-of-tuning" (xml:id), "Example of tuning" (title)
INFO    : *              located within: "subsubsec-example-of-tuning" (xml:id), "Example of tuning" (title)
INFO    : *              located within: "subsubsec-example-of-tuning" (xml:id), "Example of tuning" (title)
INFO    : *              located within: "subsubsec-data-import" (xml:id), "Data Import" (title)
INFO    : *              located within: "subsubsec-data-exploration-and-wrangling" (xml:id), "Data Exploration and Wrangling" (title)
INFO    : *              located within: "subsubsec-data-exploration-and-wrangling" (xml:id), "Data Exploration and Wrangling" (title)
INFO    : *              located within: "subsubsec-data-exploration-and-wrangling" (xml:id), "Data Exploration and Wrangling" (title)
INFO    : *              located within: "subsubsec-data-exploration-and-wrangling" (xml:id), "Data Exploration and Wrangling" (title)
INFO    : *              located within: "subsubsec-evaluate-correlation" (xml:id), "Evaluate Correlation" (title)
INFO    : *              located within: "subsubsec-splitting-the-data" (xml:id), "Splitting the Data" (title)
INFO    : *              located within: "subsubsec-splitting-the-data" (xml:id), "Splitting the Data" (title)
INFO    : *              located within: "subsubsec-making-a-recipe" (xml:id), "Making a Recipe" (title)
INFO    : *              located within: "subsubsec-making-a-recipe" (xml:id), "Making a Recipe" (title)
INFO    : *              located within: "subsubsec-making-a-recipe" (xml:id), "Making a Recipe" (title)
INFO    : *              located within: "subsubsec-making-a-recipe" (xml:id), "Making a Recipe" (title)
INFO    : *              located within: "subsubsec-making-a-recipe" (xml:id), "Making a Recipe" (title)
INFO    : *              located within: "subsubsec-making-a-recipe" (xml:id), "Making a Recipe" (title)
INFO    : *              located within: "subsubsec-making-a-recipe" (xml:id), "Making a Recipe" (title)
INFO    : *              located within: "subsubsec-running-preprocessing" (xml:id), "Running Preprocessing" (title)
INFO    : *              located within: "subsubsec-running-preprocessing" (xml:id), "Running Preprocessing" (title)
INFO    : *              located within: "subsubsec-running-preprocessing" (xml:id), "Running Preprocessing" (title)
INFO    : *              located within: "subsubsec-extract-preprocessed-testing-data-using-bake" (xml:id), "Extract preprocessed testing data using bake()" (title)
INFO    : *              located within: "subsubsec-extract-preprocessed-testing-data-using-bake" (xml:id), "Extract preprocessed testing data using bake()" (title)
INFO    : *              located within: "subsubsec-extract-preprocessed-testing-data-using-bake" (xml:id), "Extract preprocessed testing data using bake()" (title)
INFO    : *              located within: "subsubsec-extract-preprocessed-testing-data-using-bake" (xml:id), "Extract preprocessed testing data using bake()" (title)
INFO    : *              located within: "subsubsec-extract-preprocessed-testing-data-using-bake" (xml:id), "Extract preprocessed testing data using bake()" (title)
INFO    : *              located within: "subsubsec-extract-preprocessed-testing-data-using-bake" (xml:id), "Extract preprocessed testing data using bake()" (title)
INFO    : *              located within: "subsubsec-specifying-the-model" (xml:id), "Specifying the Model" (title)
INFO    : *              located within: "subsubsec-specifying-the-model" (xml:id), "Specifying the Model" (title)
INFO    : *              located within: "subsubsec-specifying-the-model" (xml:id), "Specifying the Model" (title)
INFO    : *              located within: "subsubsec-specifying-the-model" (xml:id), "Specifying the Model" (title)
INFO    : *              located within: "subsubsec-specifying-the-model" (xml:id), "Specifying the Model" (title)
INFO    : *              located within: "subsubsec-assessing-the-model-fit" (xml:id), "Assessing the Model Fit" (title)
INFO    : *              located within: "subsubsec-assessing-the-model-fit" (xml:id), "Assessing the Model Fit" (title)
INFO    : *              located within: "subsubsec-model-performance" (xml:id), "Model Performance" (title)
INFO    : *              located within: "subsubsec-model-performance" (xml:id), "Model Performance" (title)
INFO    : *              located within: "subsubsec-model-performance" (xml:id), "Model Performance" (title)
INFO    : *              located within: "subsubsec-visualizing-model-performance" (xml:id), "Visualizing Model Performance" (title)
INFO    : *              located within: "subsubsec-quantifying-model-performance" (xml:id), "Quantifying Model Performance" (title)
INFO    : *              located within: "subsubsec-quantifying-model-performance" (xml:id), "Quantifying Model Performance" (title)
INFO    : *              located within: "subsubsec-assessing-model-performance-on-v-folds-using-tune" (xml:id), "Assessing Model Performance on $v$-folds Using tune" (title)
INFO    : *              located within: "subsubsec-assessing-model-performance-on-v-folds-using-tune" (xml:id), "Assessing Model Performance on $v$-folds Using tune" (title)
INFO    : *              located within: "subsubsec-assessing-model-performance-on-v-folds-using-tune" (xml:id), "Assessing Model Performance on $v$-folds Using tune" (title)
INFO    : *              located within: "subsubsec-random-forest" (xml:id), "Random Forest" (title)
INFO    : *              located within: "subsubsec-random-forest" (xml:id), "Random Forest" (title)
INFO    : *              located within: "subsubsec-random-forest" (xml:id), "Random Forest" (title)
INFO    : *              located within: "subsubsec-random-forest" (xml:id), "Random Forest" (title)
INFO    : *              located within: "subsubsec-random-forest" (xml:id), "Random Forest" (title)
INFO    : *              located within: "subsubsec-random-forest" (xml:id), "Random Forest" (title)
INFO    : *              located within: "subsubsec-random-forest" (xml:id), "Random Forest" (title)
INFO    : *              located within: "subsubsec-random-forest" (xml:id), "Random Forest" (title)
INFO    : *              located within: "subsubsec-model-tuning" (xml:id), "Model Tuning" (title)
INFO    : *              located within: "subsubsec-model-tuning" (xml:id), "Model Tuning" (title)
INFO    : *              located within: "subsubsec-model-tuning" (xml:id), "Model Tuning" (title)
INFO    : *              located within: "subsubsec-model-tuning" (xml:id), "Model Tuning" (title)
INFO    : *              located within: "subsubsec-model-tuning" (xml:id), "Model Tuning" (title)
INFO    : *              located within: "subsubsec-model-tuning" (xml:id), "Model Tuning" (title)
INFO    : *              located within: "subsubsec-model-tuning" (xml:id), "Model Tuning" (title)
INFO    : *              located within: "subsubsec-final-model-performance-evaluation" (xml:id), "Final model performance evaluation" (title)
INFO    : *              located within: "subsubsec-final-model-performance-evaluation" (xml:id), "Final model performance evaluation" (title)
INFO    : *              located within: "subsubsec-final-model-performance-evaluation" (xml:id), "Final model performance evaluation" (title)
INFO    : *              located within: "subsubsec-final-model-performance-evaluation" (xml:id), "Final model performance evaluation" (title)
INFO    : *              located within: "subsubsec-final-model-performance-evaluation" (xml:id), "Final model performance evaluation" (title)
INFO    : *              located within: "subsubsec-final-model-performance-evaluation" (xml:id), "Final model performance evaluation" (title)
INFO    : *              located within: "subsubsec-final-model-performance-evaluation" (xml:id), "Final model performance evaluation" (title)
INFO    : * --------------
WARNING : * PTX:DEPRECATE: (2024-07-12) the html/css/@style publication file entry has been deprecated for replacement by @theme. See the Guide for theme options.
INFO    : * --------------
INFO    : successful application of /home/runner/.ptx/2.37.1/core/xsl/pretext-html.xsl
INFO    : Removing temporary directory /tmp/ptx-_hu1rxsg
INFO    : Removing temporary directory /tmp/ptx-euugm_cu
INFO    : 
Finished build for target html. Run `pretext view html` to see the results.

INFO    : 
Success!  Built requested target(s) without errors.

INFO    : 
